============================================================
  Generated by:           Genus(TM) Synthesis Solution 21.10-p002_1
  Generated on:           Nov 26 2024  11:47:42 pm
  Module:                 riscv_core
  Operating conditions:   PVT_0P9V_125C 
  Interconnect mode:      global
  Area mode:              timing library
============================================================


Path 1: MET (6585 ps) Setup Check with Pin u_execute_buffer_alu_result_reg[10]/CK->D
          Group: clk
     Startpoint: (R) u_decode_o_imm_buffer_2_reg[0]/CK
          Clock: (R) clk
       Endpoint: (F) u_execute_buffer_alu_result_reg[10]/D
          Clock: (R) clk

                     Capture       Launch     
        Clock Edge:+   10000            0     
       Src Latency:+       0            0     
       Net Latency:+       0 (I)        0 (I) 
           Arrival:=   10000            0     
                                              
             Setup:-     196                  
       Uncertainty:-     200                  
     Required Time:=    9604                  
      Launch Clock:-       0                  
         Data Path:-    3020                  
             Slack:=    6585                  

#--------------------------------------------------------------------------------------------------------------
#             Timing Point              Flags   Arc   Edge   Cell     Fanout Load Trans Delay Arrival Instance 
#                                                                            (fF)  (ps)  (ps)   (ps)  Location 
#--------------------------------------------------------------------------------------------------------------
  u_decode_o_imm_buffer_2_reg[0]/CK     -       -     R     (arrival)     91    -     0     0       0    (-,-) 
  u_decode_o_imm_buffer_2_reg[0]/Q      -       CK->Q F     SDFFQX1        2  2.8    82   224     224    (-,-) 
  g6081__1666/Y                         -       A->Y  R     NOR2X1         3  4.0   206   174     398    (-,-) 
  g6072__9945/Y                         -       AN->Y R     NOR2BX1        3  4.0   213   268     666    (-,-) 
  g6064__5115/Y                         -       AN->Y R     NOR2BX1        3  4.0   213   272     938    (-,-) 
  g6061__7098/Y                         -       AN->Y R     NOR2BX1        3  4.0   213   272    1210    (-,-) 
  g6055__1705/Y                         -       AN->Y R     NOR2BX1        3  4.0   213   272    1482    (-,-) 
  g6052__6783/Y                         -       AN->Y R     NOR2BX1        3  4.0   213   272    1753    (-,-) 
  g6048__1666/Y                         -       AN->Y R     NOR2BX1        3  4.0   213   272    2025    (-,-) 
  g6043__9315/Y                         -       AN->Y R     NOR2BX1        3  4.0   213   272    2297    (-,-) 
  g6037__5122/Y                         -       AN->Y R     NOR2BX1        2  3.0   170   246    2543    (-,-) 
  g6032__6783/Y                         -       B->Y  F     NOR2X1         1  2.0    92   141    2684    (-,-) 
  g6015__6260/Y                         -       A1->Y R     AOI22X1        1  2.0   152   154    2839    (-,-) 
  g6008__2398/Y                         -       B0->Y F     OAI2BB1X1      1  1.9   145   181    3020    (-,-) 
  u_execute_buffer_alu_result_reg[10]/D <<<     -     F     SDFFRHQX1      1    -     -     0    3020    (-,-) 
#--------------------------------------------------------------------------------------------------------------

