============================================================
  Generated by:           Genus(TM) Synthesis Solution 21.10-p002_1
  Generated on:           Nov 26 2024  11:47:37 pm
  Module:                 riscv_core
  Technology library:     slow_vdd1v0 1.0
  Operating conditions:   PVT_0P9V_125C 
  Interconnect mode:      global
  Area mode:              timing library
============================================================

                               
   Gate    Instances    Area       Library    
----------------------------------------------
ADDHX1             7    26.334    slow_vdd1v0 
AND2X1             2     2.736    slow_vdd1v0 
AND2X2             1     1.710    slow_vdd1v0 
AND3X2             1     2.736    slow_vdd1v0 
AO22X1             1     2.736    slow_vdd1v0 
AOI222X1           1     3.078    slow_vdd1v0 
AOI22X1           18    36.936    slow_vdd1v0 
CLKBUFX20         20   164.160    slow_vdd1v0 
CLKXOR2X1          1     2.736    slow_vdd1v0 
DFFRHQX1          20   123.120    slow_vdd1v0 
DFFRX1             1     6.840    slow_vdd1v0 
INVX1             16    10.944    slow_vdd1v0 
INVX2              1     1.026    slow_vdd1v0 
MX2X1              8    19.152    slow_vdd1v0 
MXI2XL             1     2.394    slow_vdd1v0 
NAND2BX1           1     1.368    slow_vdd1v0 
NAND2BXL           1     1.368    slow_vdd1v0 
NAND2X1            3     3.078    slow_vdd1v0 
NAND2X2            3     5.130    slow_vdd1v0 
NAND3BX2           1     3.078    slow_vdd1v0 
NAND3X1            1     1.710    slow_vdd1v0 
NOR2BX1           11    15.048    slow_vdd1v0 
NOR2X1            13    13.338    slow_vdd1v0 
NOR3BX1            1     2.052    slow_vdd1v0 
NOR3X1             1     1.710    slow_vdd1v0 
NOR4X2             1     3.420    slow_vdd1v0 
OA21X1             2     4.104    slow_vdd1v0 
OA22X1             2     4.788    slow_vdd1v0 
OAI211X1           1     1.710    slow_vdd1v0 
OAI221X1           5    11.970    slow_vdd1v0 
OAI2BB1X1         23    39.330    slow_vdd1v0 
OAI32X1            1     2.394    slow_vdd1v0 
OR2X1              3     4.104    slow_vdd1v0 
OR2X2              1     1.710    slow_vdd1v0 
OR4X1              2     4.104    slow_vdd1v0 
SDFFQX1           18   135.432    slow_vdd1v0 
SDFFRHQX1         44   361.152    slow_vdd1v0 
SDFFRHQX2          1     9.918    slow_vdd1v0 
SDFFRXL            7    71.820    slow_vdd1v0 
----------------------------------------------
total            246  1110.474                


                                         
     Type      Instances   Area   Area % 
-----------------------------------------
sequential            91  708.282   63.8 
inverter              17   11.970    1.1 
buffer                20  164.160   14.8 
logic                118  226.062   20.4 
physical_cells         0    0.000    0.0 
-----------------------------------------
total                246 1110.474  100.0 

