============================================================
  Generated by:           Genus(TM) Synthesis Solution 21.10-p002_1
  Generated on:           Nov 27 2024  12:02:02 am
  Module:                 riscv_core
  Operating conditions:   PVT_0P9V_125C 
  Interconnect mode:      global
  Area mode:              timing library
============================================================

                              
   Gate    Instances   Area       Library    
---------------------------------------------
ADDHX1             7   26.334    slow_vdd1v0 
AND2X1             2    2.736    slow_vdd1v0 
AND2X2             2    3.420    slow_vdd1v0 
AND3X1             1    2.394    slow_vdd1v0 
AND3X2             1    2.736    slow_vdd1v0 
AOI222X1           4   12.312    slow_vdd1v0 
AOI22X1           15   30.780    slow_vdd1v0 
CLKBUFX20         20  164.160    slow_vdd1v0 
DFFHQX1           15   82.080    slow_vdd1v0 
DFFQXL             3   16.416    slow_vdd1v0 
DFFRHQX1          52  320.112    slow_vdd1v0 
DFFRX1            11   75.240    slow_vdd1v0 
DFFRX2             1    7.524    slow_vdd1v0 
INVX1             12    8.208    slow_vdd1v0 
INVX2              1    1.026    slow_vdd1v0 
INVXL              1    0.684    slow_vdd1v0 
MXI2XL             1    2.394    slow_vdd1v0 
NAND2BX2           1    2.394    slow_vdd1v0 
NAND2X1            5    5.130    slow_vdd1v0 
NAND2X2            1    1.710    slow_vdd1v0 
NAND3BX1           1    2.052    slow_vdd1v0 
NAND3BX2           1    3.078    slow_vdd1v0 
NOR2BX1            9   12.312    slow_vdd1v0 
NOR2X1            16   16.416    slow_vdd1v0 
NOR3X1             1    1.710    slow_vdd1v0 
OAI221X1           3    7.182    slow_vdd1v0 
OAI221X2           4   19.152    slow_vdd1v0 
OAI2BB1X1         22   37.620    slow_vdd1v0 
OAI32X1            1    2.394    slow_vdd1v0 
OR2X1              4    5.472    slow_vdd1v0 
OR2X2              1    1.710    slow_vdd1v0 
OR4X1              3    6.156    slow_vdd1v0 
SDFFRHQX1          9   73.872    slow_vdd1v0 
XOR2XL             1    2.736    slow_vdd1v0 
---------------------------------------------
total            232  959.652                


                                        
     Type      Instances   Area  Area % 
----------------------------------------
sequential            91 575.244   59.9 
inverter              14   9.918    1.0 
buffer                20 164.160   17.1 
logic                107 210.330   21.9 
physical_cells         0   0.000    0.0 
----------------------------------------
total                232 959.652  100.0 

