============================================================
  Generated by:           Genus(TM) Synthesis Solution 21.10-p002_1
  Generated on:           Nov 27 2024  12:01:41 am
  Module:                 riscv_core
  Operating conditions:   PVT_0P9V_125C 
  Interconnect mode:      global
  Area mode:              timing library
============================================================


Path 1: MET (6681 ps) Setup Check with Pin u_execute_buffer_alu_result_reg[10]/CK->D
          Group: clk
     Startpoint: (R) u_decode_o_imm_buffer_2_reg[0]/CK
          Clock: (R) clk
       Endpoint: (F) u_execute_buffer_alu_result_reg[10]/D
          Clock: (R) clk

                     Capture       Launch     
        Clock Edge:+   10000            0     
       Src Latency:+       0            0     
       Net Latency:+       0 (I)        0 (I) 
           Arrival:=   10000            0     
                                              
             Setup:-     115                  
       Uncertainty:-     200                  
     Required Time:=    9685                  
      Launch Clock:-       0                  
         Data Path:-    3004                  
             Slack:=    6681                  

#--------------------------------------------------------------------------------------------------------------
#             Timing Point              Flags   Arc   Edge   Cell     Fanout Load Trans Delay Arrival Instance 
#                                                                            (fF)  (ps)  (ps)   (ps)  Location 
#--------------------------------------------------------------------------------------------------------------
  u_decode_o_imm_buffer_2_reg[0]/CK     -       -     R     (arrival)     91    -     0     0       0    (-,-) 
  u_decode_o_imm_buffer_2_reg[0]/Q      -       CK->Q F     DFFHQX1        1  2.0    62   218     218    (-,-) 
  g4096__2883/Y                         -       A->Y  R     NOR2X1         3  4.0   204   164     381    (-,-) 
  g4087__9315/Y                         -       AN->Y R     NOR2BX1        3  4.0   213   267     649    (-,-) 
  g4082__5115/Y                         -       AN->Y R     NOR2BX1        3  4.0   213   272     920    (-,-) 
  g4079__7098/Y                         -       AN->Y R     NOR2BX1        3  4.0   213   272    1192    (-,-) 
  g4074__1705/Y                         -       AN->Y R     NOR2BX1        3  4.0   213   272    1464    (-,-) 
  g4071__6783/Y                         -       AN->Y R     NOR2BX1        3  4.0   213   272    1736    (-,-) 
  g4066__1666/Y                         -       AN->Y R     NOR2BX1        3  4.0   213   272    2008    (-,-) 
  g4063__9315/Y                         -       AN->Y R     NOR2BX1        3  4.0   213   272    2280    (-,-) 
  g4060__5122/Y                         -       AN->Y R     NOR2BX1        2  3.0   170   246    2526    (-,-) 
  g4054__6783/Y                         -       B->Y  F     NOR2X1         1  2.0    96   141    2667    (-,-) 
  g4032__6260/Y                         -       A1->Y R     AOI22X1        1  2.0   152   156    2823    (-,-) 
  g4028__2398/Y                         -       B0->Y F     OAI2BB1X1      1  1.9   145   181    3004    (-,-) 
  u_execute_buffer_alu_result_reg[10]/D <<<     -     F     DFFRHQX1       1    -     -     0    3004    (-,-) 
#--------------------------------------------------------------------------------------------------------------

